26-May-2022 22:17:55.551 INFO [main] org.apache.catalina.startup.VersionLoggerListener.log 서버 버전 이름:    Apache Tomcat/9.0.63
26-May-2022 22:17:55.557 INFO [main] org.apache.catalina.startup.VersionLoggerListener.log Server 빌드 시각:  May 11 2022 07:52:11 UTC
26-May-2022 22:17:55.558 INFO [main] org.apache.catalina.startup.VersionLoggerListener.log Server 버전 번호:  9.0.63.0
26-May-2022 22:17:55.558 INFO [main] org.apache.catalina.startup.VersionLoggerListener.log 운영체제 이름:     Windows 10
26-May-2022 22:17:55.558 INFO [main] org.apache.catalina.startup.VersionLoggerListener.log 운영체제 버전:     10.0
26-May-2022 22:17:55.558 INFO [main] org.apache.catalina.startup.VersionLoggerListener.log 아키텍처:          amd64
26-May-2022 22:17:55.558 INFO [main] org.apache.catalina.startup.VersionLoggerListener.log 자바 홈:           C:\Program Files\Java\jdk-16.0.1
26-May-2022 22:17:55.559 INFO [main] org.apache.catalina.startup.VersionLoggerListener.log JVM 버전:          16.0.1+9-24
26-May-2022 22:17:55.559 INFO [main] org.apache.catalina.startup.VersionLoggerListener.log JVM 벤더:          Oracle Corporation
26-May-2022 22:17:55.559 INFO [main] org.apache.catalina.startup.VersionLoggerListener.log CATALINA_BASE:     D:\Project\JM\apache-tomcat-9.0.63
26-May-2022 22:17:55.559 INFO [main] org.apache.catalina.startup.VersionLoggerListener.log CATALINA_HOME:     D:\Project\JM\apache-tomcat-9.0.63
26-May-2022 22:17:55.574 INFO [main] org.apache.catalina.startup.VersionLoggerListener.log 명령 행 아규먼트:  --add-opens=java.base/java.lang=ALL-UNNAMED
26-May-2022 22:17:55.575 INFO [main] org.apache.catalina.startup.VersionLoggerListener.log 명령 행 아규먼트:  --add-opens=java.base/java.io=ALL-UNNAMED
26-May-2022 22:17:55.576 INFO [main] org.apache.catalina.startup.VersionLoggerListener.log 명령 행 아규먼트:  --add-opens=java.base/java.util=ALL-UNNAMED
26-May-2022 22:17:55.577 INFO [main] org.apache.catalina.startup.VersionLoggerListener.log 명령 행 아규먼트:  --add-opens=java.base/java.util.concurrent=ALL-UNNAMED
26-May-2022 22:17:55.578 INFO [main] org.apache.catalina.startup.VersionLoggerListener.log 명령 행 아규먼트:  --add-opens=java.rmi/sun.rmi.transport=ALL-UNNAMED
26-May-2022 22:17:55.579 INFO [main] org.apache.catalina.startup.VersionLoggerListener.log 명령 행 아규먼트:  -Djava.util.logging.config.file=D:\Project\JM\apache-tomcat-9.0.63\conf\logging.properties
26-May-2022 22:17:55.581 INFO [main] org.apache.catalina.startup.VersionLoggerListener.log 명령 행 아규먼트:  -Djava.util.logging.manager=org.apache.juli.ClassLoaderLogManager
26-May-2022 22:17:55.582 INFO [main] org.apache.catalina.startup.VersionLoggerListener.log 명령 행 아규먼트:  -Djdk.tls.ephemeralDHKeySize=2048
26-May-2022 22:17:55.583 INFO [main] org.apache.catalina.startup.VersionLoggerListener.log 명령 행 아규먼트:  -Djava.protocol.handler.pkgs=org.apache.catalina.webresources
26-May-2022 22:17:55.584 INFO [main] org.apache.catalina.startup.VersionLoggerListener.log 명령 행 아규먼트:  -Dignore.endorsed.dirs=
26-May-2022 22:17:55.588 INFO [main] org.apache.catalina.startup.VersionLoggerListener.log 명령 행 아규먼트:  -Dcatalina.base=D:\Project\JM\apache-tomcat-9.0.63
26-May-2022 22:17:55.589 INFO [main] org.apache.catalina.startup.VersionLoggerListener.log 명령 행 아규먼트:  -Dcatalina.home=D:\Project\JM\apache-tomcat-9.0.63
26-May-2022 22:17:55.590 INFO [main] org.apache.catalina.startup.VersionLoggerListener.log 명령 행 아규먼트:  -Djava.io.tmpdir=D:\Project\JM\apache-tomcat-9.0.63\temp
26-May-2022 22:17:55.597 INFO [main] org.apache.catalina.core.AprLifecycleListener.lifecycleEvent 프로덕션 환경들에서 최적의 성능을 제공하는, APR 기반 Apache Tomcat Native 라이브러리가, 다음 java.library.path에서 발견되지 않습니다: [C:\Program Files\Java\jdk-16.0.1\bin;C:\WINDOWS\Sun\Java\bin;C:\WINDOWS\system32;C:\WINDOWS;C:\Program Files\Java\jdk-16.0.1\bin;C:\Program Files\Common Files\Oracle\Java\javapath;C:\WINDOWS\system32;C:\WINDOWS;C:\WINDOWS\System32\Wbem;C:\WINDOWS\System32\WindowsPowerShell\v1.0\;C:\WINDOWS\System32\OpenSSH\;D:\Tool\gradle-7.1.1\bin;C:\Program Files\Git\cmd;C:\Program Files\MySQL\MySQL Shell 8.0\bin\;C:\Users\문준호\AppData\Local\Microsoft\WindowsApps;;.]
26-May-2022 22:17:55.859 INFO [main] org.apache.coyote.AbstractProtocol.init 프로토콜 핸들러 ["http-nio-8080"]을(를) 초기화합니다.
26-May-2022 22:17:55.890 INFO [main] org.apache.catalina.startup.Catalina.load [542] 밀리초 내에 서버가 초기화되었습니다.
26-May-2022 22:17:55.934 INFO [main] org.apache.catalina.core.StandardService.startInternal 서비스 [Catalina]을(를) 시작합니다.
26-May-2022 22:17:55.936 INFO [main] org.apache.catalina.core.StandardEngine.startInternal 서버 엔진을 시작합니다: [Apache Tomcat/9.0.63]
26-May-2022 22:17:55.982 INFO [main] org.apache.catalina.startup.HostConfig.deployDirectory 웹 애플리케이션 디렉토리 [D:\Project\JM\apache-tomcat-9.0.63\webapps\docs]을(를) 배치합니다.
26-May-2022 22:17:56.382 WARNING [main] org.apache.catalina.util.SessionIdGeneratorBase.createSecureRandom [SHA1PRNG] 알고리즘을 사용하여, 세션 ID를 생성하기 위한 SecureRandom 객체를 생성하는데, [125] 밀리초가 소요됐습니다.
26-May-2022 22:17:56.408 INFO [main] org.apache.catalina.startup.HostConfig.deployDirectory 웹 애플리케이션 디렉토리 [D:\Project\JM\apache-tomcat-9.0.63\webapps\docs]에 대한 배치가 [427] 밀리초에 완료되었습니다.
26-May-2022 22:17:56.412 INFO [main] org.apache.catalina.startup.HostConfig.deployDirectory 웹 애플리케이션 디렉토리 [D:\Project\JM\apache-tomcat-9.0.63\webapps\examples]을(를) 배치합니다.
26-May-2022 22:17:57.051 INFO [main] org.apache.catalina.startup.HostConfig.deployDirectory 웹 애플리케이션 디렉토리 [D:\Project\JM\apache-tomcat-9.0.63\webapps\examples]에 대한 배치가 [640] 밀리초에 완료되었습니다.
26-May-2022 22:17:57.054 INFO [main] org.apache.catalina.startup.HostConfig.deployDirectory 웹 애플리케이션 디렉토리 [D:\Project\JM\apache-tomcat-9.0.63\webapps\host-manager]을(를) 배치합니다.
26-May-2022 22:17:57.103 INFO [main] org.apache.catalina.startup.HostConfig.deployDirectory 웹 애플리케이션 디렉토리 [D:\Project\JM\apache-tomcat-9.0.63\webapps\host-manager]에 대한 배치가 [49] 밀리초에 완료되었습니다.
26-May-2022 22:17:57.106 INFO [main] org.apache.catalina.startup.HostConfig.deployDirectory 웹 애플리케이션 디렉토리 [D:\Project\JM\apache-tomcat-9.0.63\webapps\manager]을(를) 배치합니다.
26-May-2022 22:17:57.159 INFO [main] org.apache.catalina.startup.HostConfig.deployDirectory 웹 애플리케이션 디렉토리 [D:\Project\JM\apache-tomcat-9.0.63\webapps\manager]에 대한 배치가 [53] 밀리초에 완료되었습니다.
26-May-2022 22:17:57.162 INFO [main] org.apache.catalina.startup.HostConfig.deployDirectory 웹 애플리케이션 디렉토리 [D:\Project\JM\apache-tomcat-9.0.63\webapps\ROOT]을(를) 배치합니다.
26-May-2022 22:17:57.191 INFO [main] org.apache.catalina.startup.HostConfig.deployDirectory 웹 애플리케이션 디렉토리 [D:\Project\JM\apache-tomcat-9.0.63\webapps\ROOT]에 대한 배치가 [29] 밀리초에 완료되었습니다.
26-May-2022 22:17:57.196 INFO [main] org.apache.coyote.AbstractProtocol.start 프로토콜 핸들러 ["http-nio-8080"]을(를) 시작합니다.
26-May-2022 22:17:57.331 INFO [main] org.apache.catalina.startup.Catalina.start 서버가 [1439] 밀리초 내에 시작되었습니다.
